<?xml version="1.0" ?>
<coverage branch-rate="0" branches-covered="0" branches-valid="0" complexity="0" line-rate="0.268" lines-covered="436" lines-valid="1627" timestamp="1507206063422" version="4.4.1">
	<!-- Generated by coverage.py: https://coverage.readthedocs.io -->
	<!-- Based on https://raw.githubusercontent.com/cobertura/web/master/htdocs/xml/coverage-04.dtd -->
	<sources>
		<source>/gpfs/bbp.cscs.ch/home/vangeit/local/lviz/python27env/lib/python2.7/site-packages</source>
	</sources>
	<packages>
		<package branch-rate="0" complexity="0" line-rate="0.268" name="bglibpy">
			<classes>
				<class branch-rate="0" complexity="0" filename="bglibpy/__init__.py" line-rate="1" name="__init__.py">
					<methods/>
					<lines>
						<line hits="1" number="4"/>
						<line hits="1" number="14"/>
						<line hits="1" number="15"/>
						<line hits="1" number="16"/>
						<line hits="1" number="17"/>
						<line hits="1" number="18"/>
						<line hits="1" number="19"/>
						<line hits="1" number="20"/>
						<line hits="1" number="21"/>
						<line hits="1" number="22"/>
						<line hits="1" number="23"/>
						<line hits="1" number="24"/>
						<line hits="1" number="25"/>
					</lines>
				</class>
				<class branch-rate="0" complexity="0" filename="bglibpy/cell.py" line-rate="0.286" name="cell.py">
					<methods/>
					<lines>
						<line hits="1" number="3"/>
						<line hits="1" number="19"/>
						<line hits="1" number="20"/>
						<line hits="1" number="21"/>
						<line hits="1" number="22"/>
						<line hits="1" number="23"/>
						<line hits="1" number="24"/>
						<line hits="1" number="26"/>
						<line hits="1" number="28"/>
						<line hits="1" number="29"/>
						<line hits="1" number="30"/>
						<line hits="1" number="31"/>
						<line hits="1" number="32"/>
						<line hits="1" number="35"/>
						<line hits="1" number="39"/>
						<line hits="1" number="41"/>
						<line hits="1" number="63"/>
						<line hits="0" number="65"/>
						<line hits="0" number="66"/>
						<line hits="1" number="70"/>
						<line hits="1" number="73"/>
						<line hits="0" number="75"/>
						<line hits="1" number="78"/>
						<line hits="0" number="80"/>
						<line hits="0" number="81"/>
						<line hits="0" number="84"/>
						<line hits="1" number="85"/>
						<line hits="1" number="87"/>
						<line hits="1" number="88"/>
						<line hits="1" number="89"/>
						<line hits="0" number="90"/>
						<line hits="1" number="91"/>
						<line hits="1" number="93"/>
						<line hits="1" number="94"/>
						<line hits="0" number="95"/>
						<line hits="1" number="96"/>
						<line hits="0" number="98"/>
						<line hits="1" number="101"/>
						<line hits="1" number="102"/>
						<line hits="1" number="103"/>
						<line hits="1" number="104"/>
						<line hits="1" number="105"/>
						<line hits="1" number="106"/>
						<line hits="1" number="107"/>
						<line hits="1" number="108"/>
						<line hits="0" number="110"/>
						<line hits="1" number="111"/>
						<line hits="0" number="113"/>
						<line hits="0" number="114"/>
						<line hits="1" number="117"/>
						<line hits="1" number="118"/>
						<line hits="1" number="119"/>
						<line hits="0" number="120"/>
						<line hits="1" number="121"/>
						<line hits="0" number="123"/>
						<line hits="0" number="124"/>
						<line hits="0" number="125"/>
						<line hits="1" number="126"/>
						<line hits="0" number="128"/>
						<line hits="0" number="129"/>
						<line hits="0" number="130"/>
						<line hits="0" number="131"/>
						<line hits="1" number="135"/>
						<line hits="1" number="137"/>
						<line hits="0" number="139"/>
						<line hits="1" number="142"/>
						<line hits="0" number="149"/>
						<line hits="0" number="150"/>
						<line hits="0" number="151"/>
						<line hits="0" number="152"/>
						<line hits="0" number="154"/>
						<line hits="0" number="155"/>
						<line hits="0" number="156"/>
						<line hits="0" number="157"/>
						<line hits="0" number="158"/>
						<line hits="0" number="159"/>
						<line hits="0" number="160"/>
						<line hits="0" number="161"/>
						<line hits="0" number="164"/>
						<line hits="0" number="165"/>
						<line hits="0" number="166"/>
						<line hits="0" number="167"/>
						<line hits="0" number="168"/>
						<line hits="0" number="170"/>
						<line hits="0" number="172"/>
						<line hits="0" number="173"/>
						<line hits="0" number="174"/>
						<line hits="1" number="175"/>
						<line hits="1" number="177"/>
						<line hits="1" number="178"/>
						<line hits="0" number="197"/>
						<line hits="1" number="198"/>
						<line hits="0" number="201"/>
						<line hits="0" number="202"/>
						<line hits="0" number="204"/>
						<line hits="1" number="205"/>
						<line hits="1" number="207"/>
						<line hits="0" number="216"/>
						<line hits="0" number="217"/>
						<line hits="1" number="221"/>
						<line hits="0" number="231"/>
						<line hits="0" number="232"/>
						<line hits="1" number="233"/>
						<line hits="0" number="237"/>
						<line hits="0" number="240"/>
						<line hits="0" number="243"/>
						<line hits="1" number="245"/>
						<line hits="0" number="249"/>
						<line hits="0" number="251"/>
						<line hits="0" number="252"/>
						<line hits="0" number="254"/>
						<line hits="0" number="255"/>
						<line hits="1" number="256"/>
						<line hits="0" number="259"/>
						<line hits="0" number="261"/>
						<line hits="0" number="262"/>
						<line hits="0" number="266"/>
						<line hits="0" number="267"/>
						<line hits="0" number="269"/>
						<line hits="0" number="270"/>
						<line hits="0" number="271"/>
						<line hits="0" number="272"/>
						<line hits="0" number="273"/>
						<line hits="0" number="276"/>
						<line hits="0" number="278"/>
						<line hits="1" number="280"/>
						<line hits="0" number="283"/>
						<line hits="0" number="287"/>
						<line hits="0" number="289"/>
						<line hits="0" number="291"/>
						<line hits="0" number="293"/>
						<line hits="1" number="295"/>
						<line hits="0" number="304"/>
						<line hits="1" number="306"/>
						<line hits="0" number="309"/>
						<line hits="0" number="310"/>
						<line hits="0" number="311"/>
						<line hits="0" number="312"/>
						<line hits="0" number="313"/>
						<line hits="0" number="314"/>
						<line hits="0" number="315"/>
						<line hits="0" number="316"/>
						<line hits="0" number="317"/>
						<line hits="0" number="318"/>
						<line hits="1" number="319"/>
						<line hits="0" number="320"/>
						<line hits="0" number="321"/>
						<line hits="0" number="322"/>
						<line hits="0" number="323"/>
						<line hits="1" number="324"/>
						<line hits="0" number="325"/>
						<line hits="0" number="326"/>
						<line hits="0" number="328"/>
						<line hits="1" number="330"/>
						<line hits="0" number="346"/>
						<line hits="0" number="347"/>
						<line hits="0" number="348"/>
						<line hits="0" number="349"/>
						<line hits="0" number="351"/>
						<line hits="1" number="354"/>
						<line hits="0" number="370"/>
						<line hits="0" number="371"/>
						<line hits="0" number="373"/>
						<line hits="0" number="374"/>
						<line hits="0" number="375"/>
						<line hits="0" number="377"/>
						<line hits="1" number="379"/>
						<line hits="0" number="382"/>
						<line hits="1" number="383"/>
						<line hits="0" number="384"/>
						<line hits="0" number="385"/>
						<line hits="0" number="386"/>
						<line hits="0" number="387"/>
						<line hits="0" number="388"/>
						<line hits="0" number="390"/>
						<line hits="0" number="391"/>
						<line hits="1" number="393"/>
						<line hits="0" number="396"/>
						<line hits="1" number="398"/>
						<line hits="0" number="401"/>
						<line hits="1" number="403"/>
						<line hits="0" number="418"/>
						<line hits="0" number="423"/>
						<line hits="0" number="424"/>
						<line hits="0" number="426"/>
						<line hits="0" number="427"/>
						<line hits="0" number="428"/>
						<line hits="0" number="429"/>
						<line hits="0" number="431"/>
						<line hits="1" number="433"/>
						<line hits="0" number="447"/>
						<line hits="0" number="448"/>
						<line hits="0" number="449"/>
						<line hits="0" number="451"/>
						<line hits="0" number="452"/>
						<line hits="0" number="455"/>
						<line hits="1" number="457"/>
						<line hits="0" number="477"/>
						<line hits="0" number="478"/>
						<line hits="0" number="480"/>
						<line hits="0" number="481"/>
						<line hits="0" number="484"/>
						<line hits="0" number="485"/>
						<line hits="0" number="486"/>
						<line hits="0" number="488"/>
						<line hits="0" number="489"/>
						<line hits="1" number="490"/>
						<line hits="0" number="492"/>
						<line hits="0" number="493"/>
						<line hits="0" number="495"/>
						<line hits="0" number="496"/>
						<line hits="0" number="498"/>
						<line hits="0" number="499"/>
						<line hits="0" number="502"/>
						<line hits="0" number="504"/>
						<line hits="1" number="507"/>
						<line hits="0" number="519"/>
						<line hits="0" number="520"/>
						<line hits="0" number="525"/>
						<line hits="0" number="527"/>
						<line hits="0" number="528"/>
						<line hits="1" number="530"/>
						<line hits="0" number="542"/>
						<line hits="1" number="543"/>
						<line hits="1" number="545"/>
						<line hits="0" number="556"/>
						<line hits="0" number="558"/>
						<line hits="0" number="563"/>
						<line hits="1" number="565"/>
						<line hits="0" number="576"/>
						<line hits="0" number="577"/>
						<line hits="0" number="578"/>
						<line hits="0" number="580"/>
						<line hits="1" number="584"/>
						<line hits="0" number="586"/>
						<line hits="0" number="587"/>
						<line hits="0" number="588"/>
						<line hits="0" number="589"/>
						<line hits="1" number="591"/>
						<line hits="0" number="599"/>
						<line hits="0" number="600"/>
						<line hits="0" number="601"/>
						<line hits="0" number="602"/>
						<line hits="0" number="603"/>
						<line hits="0" number="604"/>
						<line hits="1" number="606"/>
						<line hits="0" number="615"/>
						<line hits="1" number="617"/>
						<line hits="0" number="619"/>
						<line hits="0" number="620"/>
						<line hits="0" number="624"/>
						<line hits="0" number="627"/>
						<line hits="0" number="629"/>
						<line hits="0" number="634"/>
						<line hits="1" number="636"/>
						<line hits="0" number="638"/>
						<line hits="1" number="639"/>
						<line hits="0" number="641"/>
						<line hits="1" number="643"/>
						<line hits="0" number="646"/>
						<line hits="0" number="647"/>
						<line hits="0" number="648"/>
						<line hits="0" number="649"/>
						<line hits="0" number="650"/>
						<line hits="0" number="651"/>
						<line hits="1" number="653"/>
						<line hits="1" number="657"/>
						<line hits="0" number="659"/>
						<line hits="0" number="660"/>
						<line hits="0" number="661"/>
						<line hits="0" number="662"/>
						<line hits="0" number="663"/>
						<line hits="0" number="665"/>
						<line hits="1" number="669"/>
						<line hits="0" number="675"/>
						<line hits="0" number="676"/>
						<line hits="0" number="677"/>
						<line hits="0" number="678"/>
						<line hits="1" number="679"/>
						<line hits="1" number="681"/>
						<line hits="0" number="689"/>
						<line hits="0" number="690"/>
						<line hits="0" number="691"/>
						<line hits="0" number="693"/>
						<line hits="0" number="694"/>
						<line hits="0" number="695"/>
						<line hits="0" number="697"/>
						<line hits="1" number="699"/>
						<line hits="0" number="703"/>
						<line hits="0" number="705"/>
						<line hits="0" number="708"/>
						<line hits="1" number="710"/>
						<line hits="0" number="712"/>
						<line hits="1" number="714"/>
						<line hits="0" number="722"/>
						<line hits="0" number="723"/>
						<line hits="0" number="724"/>
						<line hits="0" number="726"/>
						<line hits="1" number="728"/>
						<line hits="0" number="746"/>
						<line hits="0" number="747"/>
						<line hits="0" number="748"/>
						<line hits="0" number="749"/>
						<line hits="0" number="751"/>
						<line hits="1" number="753"/>
						<line hits="0" number="767"/>
						<line hits="0" number="768"/>
						<line hits="0" number="769"/>
						<line hits="0" number="771"/>
						<line hits="1" number="773"/>
						<line hits="0" number="776"/>
						<line hits="0" number="777"/>
						<line hits="0" number="778"/>
						<line hits="0" number="779"/>
						<line hits="1" number="780"/>
						<line hits="0" number="784"/>
						<line hits="0" number="785"/>
						<line hits="0" number="787"/>
						<line hits="0" number="789"/>
						<line hits="0" number="791"/>
						<line hits="0" number="792"/>
						<line hits="0" number="796"/>
						<line hits="0" number="797"/>
						<line hits="0" number="801"/>
						<line hits="0" number="802"/>
						<line hits="0" number="803"/>
						<line hits="0" number="804"/>
						<line hits="0" number="805"/>
						<line hits="0" number="806"/>
						<line hits="0" number="807"/>
						<line hits="0" number="808"/>
						<line hits="0" number="809"/>
						<line hits="0" number="810"/>
						<line hits="0" number="811"/>
						<line hits="0" number="812"/>
						<line hits="0" number="813"/>
						<line hits="0" number="814"/>
						<line hits="1" number="815"/>
						<line hits="0" number="816"/>
						<line hits="0" number="817"/>
						<line hits="0" number="818"/>
						<line hits="0" number="819"/>
						<line hits="0" number="820"/>
						<line hits="0" number="821"/>
						<line hits="1" number="826"/>
						<line hits="0" number="828"/>
						<line hits="0" number="829"/>
						<line hits="0" number="830"/>
						<line hits="0" number="833"/>
						<line hits="0" number="834"/>
						<line hits="0" number="836"/>
						<line hits="0" number="837"/>
						<line hits="0" number="838"/>
						<line hits="0" number="839"/>
						<line hits="0" number="840"/>
						<line hits="0" number="841"/>
						<line hits="1" number="842"/>
						<line hits="0" number="843"/>
						<line hits="0" number="844"/>
						<line hits="0" number="845"/>
						<line hits="0" number="846"/>
						<line hits="0" number="847"/>
						<line hits="0" number="848"/>
						<line hits="0" number="849"/>
						<line hits="0" number="850"/>
						<line hits="0" number="852"/>
						<line hits="1" number="854"/>
						<line hits="0" number="871"/>
						<line hits="1" number="874"/>
						<line hits="0" number="883"/>
						<line hits="0" number="884"/>
						<line hits="0" number="885"/>
						<line hits="0" number="886"/>
						<line hits="0" number="887"/>
						<line hits="1" number="889"/>
						<line hits="0" number="899"/>
						<line hits="1" number="901"/>
						<line hits="0" number="903"/>
						<line hits="0" number="904"/>
						<line hits="0" number="905"/>
						<line hits="0" number="906"/>
						<line hits="0" number="907"/>
						<line hits="1" number="909"/>
						<line hits="1" number="911"/>
						<line hits="1" number="912"/>
						<line hits="1" number="913"/>
						<line hits="1" number="914"/>
						<line hits="1" number="916"/>
						<line hits="0" number="918"/>
						<line hits="0" number="919"/>
						<line hits="0" number="920"/>
						<line hits="0" number="922"/>
						<line hits="0" number="923"/>
						<line hits="0" number="924"/>
						<line hits="0" number="926"/>
						<line hits="0" number="928"/>
						<line hits="0" number="929"/>
						<line hits="0" number="931"/>
						<line hits="0" number="934"/>
						<line hits="0" number="936"/>
						<line hits="1" number="940"/>
						<line hits="0" number="945"/>
						<line hits="0" number="946"/>
						<line hits="0" number="948"/>
						<line hits="0" number="949"/>
						<line hits="0" number="950"/>
						<line hits="0" number="951"/>
						<line hits="0" number="952"/>
						<line hits="0" number="953"/>
						<line hits="0" number="954"/>
						<line hits="0" number="955"/>
						<line hits="1" number="956"/>
						<line hits="0" number="961"/>
						<line hits="0" number="965"/>
						<line hits="0" number="967"/>
						<line hits="0" number="968"/>
						<line hits="0" number="977"/>
						<line hits="0" number="978"/>
						<line hits="1" number="979"/>
						<line hits="0" number="981"/>
						<line hits="1" number="983"/>
						<line hits="1" number="984"/>
						<line hits="1" number="1007"/>
						<line hits="1" number="1008"/>
						<line hits="1" number="1010"/>
						<line hits="0" number="1011"/>
						<line hits="1" number="1012"/>
						<line hits="0" number="1014"/>
						<line hits="1" number="1015"/>
						<line hits="0" number="1016"/>
						<line hits="0" number="1018"/>
						<line hits="0" number="1019"/>
						<line hits="0" number="1020"/>
						<line hits="1" number="1021"/>
						<line hits="0" number="1022"/>
						<line hits="0" number="1023"/>
						<line hits="0" number="1024"/>
						<line hits="0" number="1026"/>
						<line hits="0" number="1028"/>
						<line hits="1" number="1030"/>
						<line hits="0" number="1032"/>
						<line hits="0" number="1033"/>
						<line hits="0" number="1035"/>
						<line hits="0" number="1036"/>
						<line hits="0" number="1037"/>
						<line hits="0" number="1038"/>
						<line hits="0" number="1040"/>
						<line hits="0" number="1044"/>
						<line hits="0" number="1045"/>
						<line hits="1" number="1046"/>
						<line hits="0" number="1047"/>
						<line hits="1" number="1048"/>
						<line hits="0" number="1049"/>
						<line hits="1" number="1050"/>
						<line hits="0" number="1051"/>
						<line hits="1" number="1053"/>
						<line hits="0" number="1056"/>
						<line hits="0" number="1057"/>
						<line hits="0" number="1058"/>
						<line hits="0" number="1059"/>
						<line hits="0" number="1060"/>
						<line hits="1" number="1061"/>
						<line hits="0" number="1062"/>
						<line hits="1" number="1067"/>
						<line hits="0" number="1071"/>
						<line hits="0" number="1072"/>
						<line hits="1" number="1074"/>
						<line hits="1" number="1076"/>
						<line hits="0" number="1086"/>
						<line hits="1" number="1089"/>
						<line hits="0" number="1093"/>
						<line hits="1" number="1095"/>
						<line hits="1" number="1097"/>
						<line hits="0" number="1098"/>
						<line hits="0" number="1099"/>
						<line hits="0" number="1100"/>
						<line hits="0" number="1101"/>
						<line hits="0" number="1102"/>
						<line hits="1" number="1104"/>
						<line hits="0" number="1114"/>
						<line hits="0" number="1115"/>
						<line hits="0" number="1117"/>
						<line hits="0" number="1118"/>
						<line hits="1" number="1120"/>
						<line hits="0" number="1122"/>
						<line hits="1" number="1124"/>
						<line hits="0" number="1126"/>
						<line hits="1" number="1128"/>
						<line hits="1" number="1130"/>
						<line hits="0" number="1131"/>
						<line hits="0" number="1132"/>
						<line hits="0" number="1133"/>
						<line hits="1" number="1135"/>
						<line hits="0" number="1137"/>
						<line hits="0" number="1138"/>
						<line hits="0" number="1139"/>
						<line hits="0" number="1140"/>
						<line hits="0" number="1141"/>
						<line hits="0" number="1142"/>
						<line hits="0" number="1144"/>
						<line hits="1" number="1146"/>
						<line hits="0" number="1156"/>
						<line hits="1" number="1157"/>
						<line hits="1" number="1166"/>
						<line hits="0" number="1167"/>
						<line hits="0" number="1168"/>
						<line hits="0" number="1169"/>
						<line hits="1" number="1171"/>
						<line hits="1" number="1173"/>
						<line hits="1" number="1174"/>
						<line hits="0" number="1177"/>
						<line hits="0" number="1178"/>
						<line hits="1" number="1180"/>
						<line hits="0" number="1183"/>
						<line hits="1" number="1186"/>
						<line hits="0" number="1187"/>
						<line hits="0" number="1188"/>
						<line hits="0" number="1189"/>
						<line hits="0" number="1191"/>
						<line hits="1" number="1192"/>
						<line hits="1" number="1195"/>
						<line hits="0" number="1197"/>
						<line hits="1" number="1198"/>
						<line hits="0" number="1199"/>
						<line hits="0" number="1200"/>
						<line hits="1" number="1202"/>
						<line hits="1" number="1204"/>
						<line hits="0" number="1208"/>
						<line hits="1" number="1210"/>
						<line hits="0" number="1211"/>
						<line hits="0" number="1212"/>
						<line hits="0" number="1214"/>
						<line hits="1" number="1215"/>
						<line hits="0" number="1216"/>
						<line hits="0" number="1218"/>
						<line hits="1" number="1220"/>
						<line hits="0" number="1222"/>
						<line hits="0" number="1223"/>
						<line hits="0" number="1224"/>
						<line hits="1" number="1226"/>
						<line hits="0" number="1227"/>
						<line hits="0" number="1228"/>
						<line hits="0" number="1229"/>
						<line hits="0" number="1231"/>
						<line hits="0" number="1232"/>
						<line hits="0" number="1234"/>
						<line hits="0" number="1235"/>
						<line hits="0" number="1237"/>
						<line hits="0" number="1238"/>
						<line hits="1" number="1240"/>
						<line hits="0" number="1244"/>
						<line hits="1" number="1247"/>
						<line hits="0" number="1248"/>
						<line hits="1" number="1254"/>
						<line hits="1" number="1255"/>
						<line hits="0" number="1258"/>
						<line hits="1" number="1260"/>
						<line hits="0" number="1265"/>
						<line hits="1" number="1267"/>
						<line hits="0" number="1270"/>
						<line hits="1" number="1272"/>
						<line hits="0" number="1274"/>
						<line hits="1" number="1276"/>
						<line hits="0" number="1278"/>
						<line hits="1" number="1280"/>
						<line hits="0" number="1282"/>
						<line hits="1" number="1284"/>
						<line hits="0" number="1287"/>
						<line hits="1" number="1289"/>
						<line hits="0" number="1292"/>
						<line hits="1" number="1294"/>
						<line hits="0" number="1297"/>
						<line hits="1" number="1299"/>
						<line hits="0" number="1302"/>
						<line hits="0" number="1303"/>
						<line hits="0" number="1304"/>
						<line hits="0" number="1305"/>
						<line hits="0" number="1306"/>
						<line hits="0" number="1307"/>
						<line hits="0" number="1309"/>
						<line hits="0" number="1310"/>
						<line hits="0" number="1311"/>
						<line hits="0" number="1312"/>
						<line hits="0" number="1313"/>
						<line hits="0" number="1314"/>
						<line hits="0" number="1315"/>
						<line hits="0" number="1316"/>
						<line hits="0" number="1318"/>
						<line hits="1" number="1320"/>
						<line hits="0" number="1322"/>
						<line hits="1" number="1324"/>
						<line hits="0" number="1327"/>
						<line hits="1" number="1329"/>
						<line hits="0" number="1331"/>
						<line hits="1" number="1333"/>
						<line hits="0" number="1336"/>
						<line hits="1" number="1338"/>
						<line hits="0" number="1340"/>
					</lines>
				</class>
				<class branch-rate="0" complexity="0" filename="bglibpy/connection.py" line-rate="0.1667" name="connection.py">
					<methods/>
					<lines>
						<line hits="1" number="3"/>
						<line hits="1" number="10"/>
						<line hits="1" number="13"/>
						<line hits="1" number="17"/>
						<line hits="0" number="23"/>
						<line hits="0" number="24"/>
						<line hits="0" number="25"/>
						<line hits="0" number="26"/>
						<line hits="0" number="27"/>
						<line hits="0" number="28"/>
						<line hits="0" number="29"/>
						<line hits="0" number="36"/>
						<line hits="0" number="37"/>
						<line hits="0" number="39"/>
						<line hits="0" number="41"/>
						<line hits="0" number="42"/>
						<line hits="0" number="43"/>
						<line hits="0" number="45"/>
						<line hits="0" number="46"/>
						<line hits="0" number="47"/>
						<line hits="0" number="48"/>
						<line hits="0" number="49"/>
						<line hits="0" number="53"/>
						<line hits="0" number="54"/>
						<line hits="0" number="55"/>
						<line hits="0" number="56"/>
						<line hits="0" number="58"/>
						<line hits="0" number="59"/>
						<line hits="1" number="65"/>
						<line hits="0" number="69"/>
						<line hits="0" number="71"/>
						<line hits="0" number="72"/>
						<line hits="0" number="73"/>
						<line hits="0" number="75"/>
						<line hits="0" number="76"/>
						<line hits="0" number="77"/>
						<line hits="0" number="79"/>
						<line hits="1" number="81"/>
						<line hits="0" number="83"/>
						<line hits="0" number="84"/>
						<line hits="1" number="86"/>
						<line hits="0" number="87"/>
					</lines>
				</class>
				<class branch-rate="0" complexity="0" filename="bglibpy/dendrogram.py" line-rate="0.08065" name="dendrogram.py">
					<methods/>
					<lines>
						<line hits="1" number="4"/>
						<line hits="1" number="11"/>
						<line hits="1" number="16"/>
						<line hits="1" number="20"/>
						<line hits="0" number="31"/>
						<line hits="0" number="33"/>
						<line hits="0" number="34"/>
						<line hits="0" number="36"/>
						<line hits="0" number="38"/>
						<line hits="0" number="39"/>
						<line hits="0" number="40"/>
						<line hits="0" number="41"/>
						<line hits="0" number="43"/>
						<line hits="0" number="44"/>
						<line hits="0" number="46"/>
						<line hits="0" number="50"/>
						<line hits="0" number="53"/>
						<line hits="0" number="54"/>
						<line hits="0" number="56"/>
						<line hits="0" number="57"/>
						<line hits="0" number="58"/>
						<line hits="0" number="59"/>
						<line hits="0" number="60"/>
						<line hits="0" number="61"/>
						<line hits="0" number="62"/>
						<line hits="0" number="65"/>
						<line hits="0" number="66"/>
						<line hits="0" number="68"/>
						<line hits="0" number="70"/>
						<line hits="0" number="71"/>
						<line hits="0" number="73"/>
						<line hits="0" number="75"/>
						<line hits="0" number="77"/>
						<line hits="0" number="80"/>
						<line hits="0" number="84"/>
						<line hits="0" number="85"/>
						<line hits="0" number="90"/>
						<line hits="0" number="99"/>
						<line hits="0" number="101"/>
						<line hits="0" number="102"/>
						<line hits="0" number="113"/>
						<line hits="0" number="115"/>
						<line hits="0" number="116"/>
						<line hits="0" number="118"/>
						<line hits="0" number="119"/>
						<line hits="0" number="120"/>
						<line hits="0" number="122"/>
						<line hits="0" number="124"/>
						<line hits="0" number="126"/>
						<line hits="0" number="128"/>
						<line hits="0" number="129"/>
						<line hits="0" number="131"/>
						<line hits="0" number="132"/>
						<line hits="1" number="134"/>
						<line hits="0" number="136"/>
						<line hits="0" number="137"/>
						<line hits="0" number="138"/>
						<line hits="0" number="139"/>
						<line hits="0" number="140"/>
						<line hits="0" number="141"/>
						<line hits="0" number="143"/>
						<line hits="0" number="145"/>
					</lines>
				</class>
				<class branch-rate="0" complexity="0" filename="bglibpy/importer.py" line-rate="0.9091" name="importer.py">
					<methods/>
					<lines>
						<line hits="1" number="4"/>
						<line hits="1" number="11"/>
						<line hits="1" number="20"/>
						<line hits="1" number="21"/>
						<line hits="1" number="22"/>
						<line hits="1" number="23"/>
						<line hits="1" number="24"/>
						<line hits="1" number="25"/>
						<line hits="1" number="26"/>
						<line hits="1" number="27"/>
						<line hits="1" number="28"/>
						<line hits="1" number="29"/>
						<line hits="1" number="32"/>
						<line hits="1" number="33"/>
						<line hits="1" number="34"/>
						<line hits="1" number="35"/>
						<line hits="1" number="37"/>
						<line hits="1" number="38"/>
						<line hits="1" number="47"/>
						<line hits="0" number="49"/>
						<line hits="1" number="50"/>
						<line hits="0" number="51"/>
					</lines>
				</class>
				<class branch-rate="0" complexity="0" filename="bglibpy/plotwindow.py" line-rate="0.122" name="plotwindow.py">
					<methods/>
					<lines>
						<line hits="1" number="4"/>
						<line hits="1" number="12"/>
						<line hits="1" number="15"/>
						<line hits="1" number="19"/>
						<line hits="0" number="20"/>
						<line hits="0" number="21"/>
						<line hits="0" number="22"/>
						<line hits="0" number="23"/>
						<line hits="0" number="24"/>
						<line hits="0" number="27"/>
						<line hits="0" number="28"/>
						<line hits="0" number="30"/>
						<line hits="0" number="31"/>
						<line hits="0" number="32"/>
						<line hits="0" number="33"/>
						<line hits="0" number="34"/>
						<line hits="0" number="36"/>
						<line hits="0" number="37"/>
						<line hits="0" number="39"/>
						<line hits="0" number="40"/>
						<line hits="0" number="41"/>
						<line hits="0" number="42"/>
						<line hits="0" number="43"/>
						<line hits="0" number="45"/>
						<line hits="0" number="51"/>
						<line hits="0" number="55"/>
						<line hits="0" number="58"/>
						<line hits="0" number="59"/>
						<line hits="0" number="61"/>
						<line hits="0" number="63"/>
						<line hits="0" number="65"/>
						<line hits="1" number="67"/>
						<line hits="0" number="69"/>
						<line hits="0" number="70"/>
						<line hits="0" number="71"/>
						<line hits="0" number="72"/>
						<line hits="0" number="73"/>
						<line hits="0" number="74"/>
						<line hits="0" number="75"/>
						<line hits="0" number="76"/>
						<line hits="0" number="78"/>
					</lines>
				</class>
				<class branch-rate="0" complexity="0" filename="bglibpy/psection.py" line-rate="0.1957" name="psection.py">
					<methods/>
					<lines>
						<line hits="1" number="4"/>
						<line hits="1" number="12"/>
						<line hits="1" number="13"/>
						<line hits="1" number="16"/>
						<line hits="1" number="20"/>
						<line hits="0" number="21"/>
						<line hits="0" number="22"/>
						<line hits="0" number="23"/>
						<line hits="0" number="24"/>
						<line hits="0" number="25"/>
						<line hits="0" number="26"/>
						<line hits="0" number="27"/>
						<line hits="0" number="28"/>
						<line hits="0" number="30"/>
						<line hits="0" number="31"/>
						<line hits="0" number="32"/>
						<line hits="0" number="33"/>
						<line hits="0" number="34"/>
						<line hits="0" number="35"/>
						<line hits="0" number="36"/>
						<line hits="0" number="37"/>
						<line hits="0" number="39"/>
						<line hits="0" number="41"/>
						<line hits="0" number="42"/>
						<line hits="0" number="43"/>
						<line hits="0" number="45"/>
						<line hits="0" number="46"/>
						<line hits="0" number="47"/>
						<line hits="0" number="49"/>
						<line hits="0" number="50"/>
						<line hits="1" number="52"/>
						<line hits="0" number="55"/>
						<line hits="1" number="57"/>
						<line hits="0" number="60"/>
						<line hits="0" number="61"/>
						<line hits="0" number="62"/>
						<line hits="0" number="63"/>
						<line hits="0" number="64"/>
						<line hits="1" number="66"/>
						<line hits="0" number="69"/>
						<line hits="1" number="72"/>
						<line hits="0" number="74"/>
						<line hits="1" number="76"/>
						<line hits="0" number="78"/>
						<line hits="0" number="79"/>
						<line hits="0" number="80"/>
						<line hits="0" number="85"/>
						<line hits="1" number="87"/>
						<line hits="0" number="89"/>
						<line hits="0" number="90"/>
						<line hits="1" number="92"/>
						<line hits="0" number="94"/>
						<line hits="0" number="95"/>
						<line hits="0" number="96"/>
						<line hits="0" number="97"/>
						<line hits="0" number="98"/>
						<line hits="0" number="99"/>
						<line hits="0" number="100"/>
						<line hits="0" number="101"/>
						<line hits="1" number="103"/>
						<line hits="0" number="105"/>
						<line hits="0" number="106"/>
						<line hits="0" number="107"/>
						<line hits="0" number="108"/>
						<line hits="0" number="109"/>
						<line hits="0" number="112"/>
						<line hits="0" number="116"/>
						<line hits="1" number="118"/>
						<line hits="0" number="120"/>
						<line hits="0" number="121"/>
						<line hits="0" number="122"/>
						<line hits="0" number="123"/>
						<line hits="1" number="125"/>
						<line hits="0" number="127"/>
						<line hits="0" number="130"/>
						<line hits="0" number="135"/>
						<line hits="0" number="138"/>
						<line hits="0" number="140"/>
						<line hits="0" number="141"/>
						<line hits="0" number="143"/>
						<line hits="0" number="147"/>
						<line hits="1" number="149"/>
						<line hits="0" number="151"/>
						<line hits="0" number="152"/>
						<line hits="0" number="154"/>
						<line hits="0" number="155"/>
						<line hits="0" number="156"/>
						<line hits="0" number="158"/>
						<line hits="1" number="160"/>
						<line hits="0" number="162"/>
						<line hits="1" number="166"/>
						<line hits="0" number="168"/>
					</lines>
				</class>
				<class branch-rate="0" complexity="0" filename="bglibpy/psegment.py" line-rate="0.1951" name="psegment.py">
					<methods/>
					<lines>
						<line hits="1" number="4"/>
						<line hits="1" number="12"/>
						<line hits="1" number="14"/>
						<line hits="1" number="17"/>
						<line hits="1" number="21"/>
						<line hits="0" number="23"/>
						<line hits="0" number="25"/>
						<line hits="0" number="26"/>
						<line hits="0" number="27"/>
						<line hits="0" number="28"/>
						<line hits="0" number="30"/>
						<line hits="0" number="31"/>
						<line hits="0" number="32"/>
						<line hits="0" number="33"/>
						<line hits="0" number="34"/>
						<line hits="0" number="35"/>
						<line hits="0" number="36"/>
						<line hits="0" number="37"/>
						<line hits="0" number="38"/>
						<line hits="1" number="40"/>
						<line hits="0" number="42"/>
						<line hits="0" number="44"/>
						<line hits="0" number="45"/>
						<line hits="0" number="46"/>
						<line hits="0" number="47"/>
						<line hits="0" number="48"/>
						<line hits="0" number="49"/>
						<line hits="0" number="50"/>
						<line hits="0" number="54"/>
						<line hits="1" number="56"/>
						<line hits="0" number="58"/>
						<line hits="0" number="59"/>
						<line hits="0" number="60"/>
						<line hits="0" number="61"/>
						<line hits="0" number="65"/>
						<line hits="0" number="66"/>
						<line hits="0" number="67"/>
						<line hits="1" number="69"/>
						<line hits="0" number="71"/>
						<line hits="0" number="79"/>
						<line hits="0" number="83"/>
					</lines>
				</class>
				<class branch-rate="0" complexity="0" filename="bglibpy/simulation.py" line-rate="0.5517" name="simulation.py">
					<methods/>
					<lines>
						<line hits="1" number="4"/>
						<line hits="1" number="13"/>
						<line hits="1" number="14"/>
						<line hits="1" number="15"/>
						<line hits="1" number="16"/>
						<line hits="1" number="17"/>
						<line hits="1" number="18"/>
						<line hits="1" number="21"/>
						<line hits="1" number="25"/>
						<line hits="1" number="26"/>
						<line hits="1" number="27"/>
						<line hits="1" number="28"/>
						<line hits="1" number="29"/>
						<line hits="1" number="30"/>
						<line hits="1" number="32"/>
						<line hits="0" number="34"/>
						<line hits="1" number="36"/>
						<line hits="0" number="38"/>
						<line hits="0" number="39"/>
						<line hits="0" number="40"/>
						<line hits="0" number="42"/>
						<line hits="1" number="44"/>
						<line hits="0" number="46"/>
						<line hits="0" number="47"/>
						<line hits="0" number="49"/>
						<line hits="0" number="50"/>
						<line hits="0" number="51"/>
						<line hits="0" number="52"/>
						<line hits="0" number="54"/>
						<line hits="0" number="56"/>
						<line hits="0" number="59"/>
						<line hits="0" number="61"/>
						<line hits="0" number="63"/>
						<line hits="0" number="65"/>
						<line hits="0" number="67"/>
						<line hits="1" number="70"/>
						<line hits="1" number="75"/>
						<line hits="0" number="76"/>
						<line hits="1" number="79"/>
						<line hits="1" number="98"/>
						<line hits="1" number="99"/>
						<line hits="1" number="101"/>
						<line hits="0" number="102"/>
						<line hits="0" number="103"/>
						<line hits="1" number="105"/>
						<line hits="1" number="106"/>
						<line hits="1" number="108"/>
						<line hits="1" number="109"/>
						<line hits="1" number="110"/>
						<line hits="1" number="111"/>
						<line hits="0" number="112"/>
						<line hits="1" number="113"/>
						<line hits="0" number="114"/>
						<line hits="1" number="116"/>
						<line hits="0" number="117"/>
						<line hits="1" number="121"/>
						<line hits="1" number="123"/>
						<line hits="1" number="125"/>
						<line hits="0" number="126"/>
						<line hits="0" number="127"/>
						<line hits="0" number="128"/>
						<line hits="0" number="129"/>
						<line hits="1" number="131"/>
						<line hits="1" number="132"/>
						<line hits="1" number="140"/>
						<line hits="1" number="142"/>
						<line hits="1" number="144"/>
						<line hits="1" number="146"/>
						<line hits="0" number="147"/>
						<line hits="0" number="148"/>
						<line hits="0" number="149"/>
						<line hits="0" number="150"/>
						<line hits="0" number="151"/>
						<line hits="0" number="152"/>
						<line hits="0" number="153"/>
						<line hits="1" number="156"/>
						<line hits="1" number="157"/>
						<line hits="0" number="158"/>
						<line hits="0" number="159"/>
						<line hits="1" number="163"/>
						<line hits="0" number="164"/>
						<line hits="1" number="168"/>
						<line hits="1" number="170"/>
						<line hits="1" number="174"/>
						<line hits="1" number="175"/>
						<line hits="1" number="177"/>
						<line hits="0" number="181"/>
					</lines>
				</class>
				<class branch-rate="0" complexity="0" filename="bglibpy/ssim.py" line-rate="0.119" name="ssim.py">
					<methods/>
					<lines>
						<line hits="1" number="4"/>
						<line hits="1" number="13"/>
						<line hits="1" number="14"/>
						<line hits="1" number="16"/>
						<line hits="1" number="17"/>
						<line hits="1" number="18"/>
						<line hits="1" number="21"/>
						<line hits="1" number="28"/>
						<line hits="0" number="52"/>
						<line hits="0" number="53"/>
						<line hits="0" number="54"/>
						<line hits="0" number="55"/>
						<line hits="0" number="56"/>
						<line hits="0" number="57"/>
						<line hits="0" number="58"/>
						<line hits="0" number="59"/>
						<line hits="0" number="61"/>
						<line hits="0" number="62"/>
						<line hits="0" number="64"/>
						<line hits="0" number="66"/>
						<line hits="0" number="67"/>
						<line hits="0" number="69"/>
						<line hits="0" number="71"/>
						<line hits="0" number="73"/>
						<line hits="0" number="74"/>
						<line hits="0" number="75"/>
						<line hits="0" number="76"/>
						<line hits="0" number="79"/>
						<line hits="0" number="80"/>
						<line hits="0" number="81"/>
						<line hits="0" number="83"/>
						<line hits="0" number="85"/>
						<line hits="0" number="86"/>
						<line hits="0" number="87"/>
						<line hits="0" number="88"/>
						<line hits="0" number="89"/>
						<line hits="0" number="92"/>
						<line hits="0" number="93"/>
						<line hits="1" number="99"/>
						<line hits="0" number="181"/>
						<line hits="0" number="182"/>
						<line hits="0" number="185"/>
						<line hits="0" number="186"/>
						<line hits="0" number="187"/>
						<line hits="0" number="189"/>
						<line hits="0" number="190"/>
						<line hits="0" number="191"/>
						<line hits="0" number="192"/>
						<line hits="0" number="194"/>
						<line hits="0" number="196"/>
						<line hits="0" number="197"/>
						<line hits="0" number="199"/>
						<line hits="0" number="200"/>
						<line hits="0" number="202"/>
						<line hits="0" number="203"/>
						<line hits="0" number="206"/>
						<line hits="0" number="208"/>
						<line hits="0" number="209"/>
						<line hits="0" number="210"/>
						<line hits="0" number="211"/>
						<line hits="0" number="212"/>
						<line hits="0" number="213"/>
						<line hits="0" number="215"/>
						<line hits="0" number="219"/>
						<line hits="0" number="224"/>
						<line hits="0" number="225"/>
						<line hits="0" number="227"/>
						<line hits="0" number="228"/>
						<line hits="0" number="229"/>
						<line hits="0" number="231"/>
						<line hits="1" number="236"/>
						<line hits="0" number="241"/>
						<line hits="0" number="243"/>
						<line hits="0" number="249"/>
						<line hits="1" number="251"/>
						<line hits="0" number="254"/>
						<line hits="0" number="255"/>
						<line hits="0" number="258"/>
						<line hits="0" number="259"/>
						<line hits="0" number="266"/>
						<line hits="0" number="267"/>
						<line hits="0" number="271"/>
						<line hits="0" number="272"/>
						<line hits="0" number="274"/>
						<line hits="0" number="276"/>
						<line hits="0" number="277"/>
						<line hits="1" number="280"/>
						<line hits="0" number="288"/>
						<line hits="0" number="289"/>
						<line hits="0" number="293"/>
						<line hits="0" number="294"/>
						<line hits="0" number="296"/>
						<line hits="0" number="297"/>
						<line hits="0" number="298"/>
						<line hits="0" number="299"/>
						<line hits="0" number="300"/>
						<line hits="0" number="301"/>
						<line hits="0" number="302"/>
						<line hits="0" number="303"/>
						<line hits="0" number="304"/>
						<line hits="0" number="305"/>
						<line hits="0" number="306"/>
						<line hits="0" number="309"/>
						<line hits="0" number="310"/>
						<line hits="0" number="311"/>
						<line hits="0" number="316"/>
						<line hits="0" number="320"/>
						<line hits="0" number="321"/>
						<line hits="0" number="322"/>
						<line hits="0" number="327"/>
						<line hits="0" number="332"/>
						<line hits="0" number="333"/>
						<line hits="0" number="334"/>
						<line hits="0" number="335"/>
						<line hits="0" number="337"/>
						<line hits="0" number="340"/>
						<line hits="0" number="341"/>
						<line hits="1" number="344"/>
						<line hits="0" number="346"/>
						<line hits="0" number="347"/>
						<line hits="0" number="348"/>
						<line hits="0" number="350"/>
						<line hits="0" number="352"/>
						<line hits="0" number="353"/>
						<line hits="0" number="355"/>
						<line hits="0" number="357"/>
						<line hits="0" number="359"/>
						<line hits="0" number="360"/>
						<line hits="0" number="362"/>
						<line hits="0" number="365"/>
						<line hits="0" number="369"/>
						<line hits="0" number="370"/>
						<line hits="0" number="371"/>
						<line hits="1" number="373"/>
						<line hits="0" number="378"/>
						<line hits="0" number="380"/>
						<line hits="0" number="383"/>
						<line hits="0" number="384"/>
						<line hits="0" number="386"/>
						<line hits="0" number="387"/>
						<line hits="1" number="390"/>
						<line hits="0" number="404"/>
						<line hits="0" number="406"/>
						<line hits="0" number="407"/>
						<line hits="0" number="408"/>
						<line hits="0" number="409"/>
						<line hits="0" number="410"/>
						<line hits="0" number="412"/>
						<line hits="0" number="413"/>
						<line hits="0" number="414"/>
						<line hits="0" number="415"/>
						<line hits="0" number="416"/>
						<line hits="0" number="418"/>
						<line hits="0" number="419"/>
						<line hits="0" number="420"/>
						<line hits="0" number="421"/>
						<line hits="0" number="422"/>
						<line hits="0" number="423"/>
						<line hits="0" number="424"/>
						<line hits="0" number="425"/>
						<line hits="0" number="426"/>
						<line hits="0" number="427"/>
						<line hits="0" number="428"/>
						<line hits="0" number="429"/>
						<line hits="0" number="432"/>
						<line hits="1" number="436"/>
						<line hits="0" number="438"/>
						<line hits="1" number="440"/>
						<line hits="0" number="442"/>
						<line hits="1" number="444"/>
						<line hits="0" number="446"/>
						<line hits="1" number="448"/>
						<line hits="0" number="450"/>
						<line hits="1" number="452"/>
						<line hits="0" number="454"/>
						<line hits="1" number="459"/>
						<line hits="0" number="474"/>
						<line hits="1" number="479"/>
						<line hits="0" number="483"/>
						<line hits="0" number="486"/>
						<line hits="0" number="487"/>
						<line hits="0" number="488"/>
						<line hits="1" number="492"/>
						<line hits="0" number="503"/>
						<line hits="0" number="504"/>
						<line hits="0" number="505"/>
						<line hits="0" number="507"/>
						<line hits="0" number="508"/>
						<line hits="0" number="509"/>
						<line hits="0" number="510"/>
						<line hits="0" number="512"/>
						<line hits="0" number="513"/>
						<line hits="0" number="516"/>
						<line hits="0" number="517"/>
						<line hits="0" number="519"/>
						<line hits="0" number="520"/>
						<line hits="0" number="521"/>
						<line hits="0" number="523"/>
						<line hits="0" number="524"/>
						<line hits="0" number="527"/>
						<line hits="0" number="529"/>
						<line hits="0" number="530"/>
						<line hits="0" number="531"/>
						<line hits="0" number="532"/>
						<line hits="0" number="534"/>
						<line hits="0" number="538"/>
						<line hits="0" number="539"/>
						<line hits="0" number="540"/>
						<line hits="0" number="541"/>
						<line hits="0" number="542"/>
						<line hits="0" number="544"/>
						<line hits="0" number="546"/>
						<line hits="0" number="547"/>
						<line hits="0" number="548"/>
						<line hits="0" number="549"/>
						<line hits="0" number="550"/>
						<line hits="0" number="554"/>
						<line hits="0" number="555"/>
						<line hits="0" number="558"/>
						<line hits="0" number="561"/>
						<line hits="1" number="563"/>
						<line hits="0" number="565"/>
						<line hits="0" number="566"/>
						<line hits="1" number="568"/>
						<line hits="0" number="600"/>
						<line hits="0" number="601"/>
						<line hits="0" number="602"/>
						<line hits="0" number="603"/>
						<line hits="0" number="604"/>
						<line hits="0" number="605"/>
						<line hits="0" number="606"/>
						<line hits="0" number="608"/>
						<line hits="0" number="609"/>
						<line hits="0" number="611"/>
						<line hits="0" number="612"/>
						<line hits="0" number="613"/>
						<line hits="0" number="615"/>
						<line hits="0" number="616"/>
						<line hits="0" number="620"/>
						<line hits="1" number="630"/>
						<line hits="0" number="633"/>
						<line hits="0" number="634"/>
						<line hits="0" number="635"/>
						<line hits="0" number="636"/>
						<line hits="1" number="638"/>
						<line hits="0" number="640"/>
						<line hits="1" number="642"/>
						<line hits="0" number="644"/>
						<line hits="0" number="645"/>
						<line hits="1" number="649"/>
						<line hits="0" number="651"/>
						<line hits="0" number="652"/>
						<line hits="0" number="653"/>
						<line hits="0" number="655"/>
						<line hits="0" number="657"/>
						<line hits="1" number="659"/>
						<line hits="0" number="683"/>
						<line hits="0" number="684"/>
						<line hits="0" number="685"/>
						<line hits="0" number="688"/>
						<line hits="1" number="691"/>
						<line hits="0" number="694"/>
						<line hits="0" number="695"/>
						<line hits="0" number="696"/>
						<line hits="0" number="698"/>
						<line hits="0" number="700"/>
						<line hits="1" number="704"/>
						<line hits="0" number="706"/>
						<line hits="0" number="707"/>
					</lines>
				</class>
				<class branch-rate="0" complexity="0" filename="bglibpy/synapse.py" line-rate="0.1059" name="synapse.py">
					<methods/>
					<lines>
						<line hits="1" number="3"/>
						<line hits="1" number="10"/>
						<line hits="1" number="13"/>
						<line hits="1" number="17"/>
						<line hits="0" number="38"/>
						<line hits="0" number="40"/>
						<line hits="0" number="41"/>
						<line hits="0" number="42"/>
						<line hits="0" number="43"/>
						<line hits="0" number="44"/>
						<line hits="0" number="45"/>
						<line hits="0" number="49"/>
						<line hits="0" number="51"/>
						<line hits="0" number="52"/>
						<line hits="0" number="53"/>
						<line hits="0" number="54"/>
						<line hits="0" number="55"/>
						<line hits="0" number="56"/>
						<line hits="0" number="58"/>
						<line hits="0" number="59"/>
						<line hits="0" number="60"/>
						<line hits="0" number="61"/>
						<line hits="0" number="62"/>
						<line hits="0" number="64"/>
						<line hits="0" number="68"/>
						<line hits="0" number="73"/>
						<line hits="0" number="75"/>
						<line hits="0" number="79"/>
						<line hits="0" number="80"/>
						<line hits="0" number="81"/>
						<line hits="0" number="82"/>
						<line hits="0" number="83"/>
						<line hits="0" number="87"/>
						<line hits="0" number="89"/>
						<line hits="0" number="92"/>
						<line hits="0" number="94"/>
						<line hits="0" number="95"/>
						<line hits="0" number="96"/>
						<line hits="0" number="98"/>
						<line hits="0" number="99"/>
						<line hits="0" number="100"/>
						<line hits="0" number="101"/>
						<line hits="0" number="102"/>
						<line hits="0" number="103"/>
						<line hits="0" number="104"/>
						<line hits="0" number="106"/>
						<line hits="0" number="108"/>
						<line hits="0" number="110"/>
						<line hits="0" number="111"/>
						<line hits="0" number="112"/>
						<line hits="0" number="113"/>
						<line hits="0" number="114"/>
						<line hits="1" number="116"/>
						<line hits="0" number="126"/>
						<line hits="1" number="128"/>
						<line hits="0" number="138"/>
						<line hits="1" number="140"/>
						<line hits="0" number="144"/>
						<line hits="0" number="145"/>
						<line hits="1" number="147"/>
						<line hits="0" number="153"/>
						<line hits="0" number="155"/>
						<line hits="0" number="156"/>
						<line hits="0" number="157"/>
						<line hits="0" number="158"/>
						<line hits="0" number="161"/>
						<line hits="0" number="164"/>
						<line hits="0" number="165"/>
						<line hits="0" number="166"/>
						<line hits="0" number="167"/>
						<line hits="0" number="168"/>
						<line hits="0" number="169"/>
						<line hits="0" number="172"/>
						<line hits="0" number="173"/>
						<line hits="0" number="174"/>
						<line hits="0" number="175"/>
						<line hits="0" number="176"/>
						<line hits="0" number="177"/>
						<line hits="0" number="179"/>
						<line hits="0" number="181"/>
						<line hits="0" number="182"/>
						<line hits="0" number="185"/>
						<line hits="0" number="188"/>
						<line hits="1" number="190"/>
						<line hits="0" number="194"/>
					</lines>
				</class>
				<class branch-rate="0" complexity="0" filename="bglibpy/tools.py" line-rate="0.3494" name="tools.py">
					<methods/>
					<lines>
						<line hits="1" number="7"/>
						<line hits="1" number="8"/>
						<line hits="1" number="9"/>
						<line hits="1" number="10"/>
						<line hits="1" number="11"/>
						<line hits="1" number="12"/>
						<line hits="1" number="13"/>
						<line hits="1" number="15"/>
						<line hits="1" number="17"/>
						<line hits="1" number="18"/>
						<line hits="1" number="20"/>
						<line hits="1" number="23"/>
						<line hits="1" number="26"/>
						<line hits="0" number="28"/>
						<line hits="1" number="31"/>
						<line hits="0" number="33"/>
						<line hits="1" number="36"/>
						<line hits="0" number="46"/>
						<line hits="1" number="49"/>
						<line hits="1" number="53"/>
						<line hits="1" number="57"/>
						<line hits="1" number="59"/>
						<line hits="1" number="60"/>
						<line hits="0" number="62"/>
						<line hits="0" number="66"/>
						<line hits="1" number="67"/>
						<line hits="1" number="68"/>
						<line hits="1" number="69"/>
						<line hits="1" number="70"/>
						<line hits="1" number="73"/>
						<line hits="1" number="74"/>
						<line hits="1" number="77"/>
						<line hits="1" number="88"/>
						<line hits="0" number="89"/>
						<line hits="1" number="92"/>
						<line hits="0" number="103"/>
						<line hits="0" number="104"/>
						<line hits="1" number="107"/>
						<line hits="0" number="110"/>
						<line hits="1" number="114"/>
						<line hits="0" number="124"/>
						<line hits="1" number="127"/>
						<line hits="0" number="129"/>
						<line hits="0" number="130"/>
						<line hits="0" number="131"/>
						<line hits="0" number="132"/>
						<line hits="0" number="133"/>
						<line hits="0" number="135"/>
						<line hits="0" number="137"/>
						<line hits="0" number="138"/>
						<line hits="0" number="139"/>
						<line hits="0" number="141"/>
						<line hits="0" number="142"/>
						<line hits="0" number="144"/>
						<line hits="0" number="145"/>
						<line hits="0" number="146"/>
						<line hits="0" number="148"/>
						<line hits="0" number="149"/>
						<line hits="0" number="150"/>
						<line hits="0" number="151"/>
						<line hits="0" number="152"/>
						<line hits="0" number="153"/>
						<line hits="0" number="154"/>
						<line hits="0" number="155"/>
						<line hits="0" number="156"/>
						<line hits="0" number="158"/>
						<line hits="0" number="159"/>
						<line hits="1" number="162"/>
						<line hits="0" number="164"/>
						<line hits="0" number="165"/>
						<line hits="0" number="166"/>
						<line hits="0" number="167"/>
						<line hits="0" number="168"/>
						<line hits="0" number="169"/>
						<line hits="0" number="171"/>
						<line hits="0" number="172"/>
						<line hits="0" number="173"/>
						<line hits="0" number="174"/>
						<line hits="0" number="175"/>
						<line hits="0" number="177"/>
						<line hits="0" number="178"/>
						<line hits="0" number="179"/>
						<line hits="1" number="182"/>
						<line hits="0" number="185"/>
						<line hits="0" number="186"/>
						<line hits="0" number="189"/>
						<line hits="0" number="191"/>
						<line hits="1" number="194"/>
						<line hits="0" number="196"/>
						<line hits="0" number="197"/>
						<line hits="0" number="200"/>
						<line hits="0" number="201"/>
						<line hits="1" number="204"/>
						<line hits="1" number="214"/>
						<line hits="1" number="215"/>
						<line hits="1" number="216"/>
						<line hits="1" number="217"/>
						<line hits="1" number="218"/>
						<line hits="1" number="219"/>
						<line hits="1" number="220"/>
						<line hits="1" number="221"/>
						<line hits="1" number="223"/>
						<line hits="0" number="225"/>
						<line hits="0" number="227"/>
						<line hits="1" number="229"/>
						<line hits="1" number="232"/>
						<line hits="0" number="235"/>
						<line hits="0" number="237"/>
						<line hits="0" number="238"/>
						<line hits="0" number="239"/>
						<line hits="0" number="240"/>
						<line hits="0" number="242"/>
						<line hits="0" number="243"/>
						<line hits="0" number="245"/>
						<line hits="0" number="246"/>
						<line hits="0" number="248"/>
						<line hits="0" number="250"/>
						<line hits="1" number="253"/>
						<line hits="1" number="263"/>
						<line hits="1" number="264"/>
						<line hits="1" number="266"/>
						<line hits="1" number="267"/>
						<line hits="1" number="268"/>
						<line hits="1" number="273"/>
						<line hits="1" number="276"/>
						<line hits="0" number="278"/>
						<line hits="1" number="280"/>
						<line hits="1" number="281"/>
						<line hits="1" number="284"/>
						<line hits="1" number="286"/>
						<line hits="1" number="289"/>
						<line hits="1" number="291"/>
						<line hits="1" number="292"/>
						<line hits="1" number="293"/>
						<line hits="1" number="294"/>
						<line hits="1" number="296"/>
						<line hits="1" number="297"/>
						<line hits="1" number="300"/>
						<line hits="0" number="303"/>
						<line hits="0" number="304"/>
						<line hits="0" number="306"/>
						<line hits="0" number="307"/>
						<line hits="0" number="308"/>
						<line hits="0" number="309"/>
						<line hits="0" number="310"/>
						<line hits="0" number="312"/>
						<line hits="0" number="313"/>
						<line hits="1" number="317"/>
						<line hits="0" number="319"/>
						<line hits="1" number="323"/>
						<line hits="0" number="326"/>
						<line hits="0" number="327"/>
						<line hits="0" number="331"/>
						<line hits="0" number="332"/>
						<line hits="1" number="335"/>
						<line hits="0" number="338"/>
						<line hits="0" number="339"/>
						<line hits="0" number="340"/>
						<line hits="0" number="341"/>
						<line hits="0" number="342"/>
						<line hits="0" number="344"/>
						<line hits="0" number="345"/>
						<line hits="0" number="346"/>
						<line hits="0" number="347"/>
						<line hits="0" number="349"/>
						<line hits="0" number="351"/>
						<line hits="0" number="353"/>
						<line hits="1" number="356"/>
						<line hits="0" number="358"/>
						<line hits="1" number="361"/>
						<line hits="0" number="364"/>
						<line hits="0" number="365"/>
						<line hits="0" number="367"/>
						<line hits="0" number="370"/>
						<line hits="0" number="372"/>
						<line hits="0" number="373"/>
						<line hits="0" number="374"/>
						<line hits="0" number="375"/>
						<line hits="0" number="378"/>
						<line hits="0" number="379"/>
						<line hits="1" number="384"/>
						<line hits="0" number="387"/>
						<line hits="1" number="391"/>
						<line hits="0" number="395"/>
						<line hits="0" number="397"/>
						<line hits="0" number="401"/>
						<line hits="0" number="402"/>
						<line hits="0" number="404"/>
						<line hits="0" number="405"/>
						<line hits="0" number="409"/>
						<line hits="0" number="410"/>
						<line hits="1" number="413"/>
						<line hits="0" number="417"/>
						<line hits="0" number="418"/>
						<line hits="0" number="419"/>
						<line hits="0" number="420"/>
						<line hits="0" number="421"/>
						<line hits="0" number="423"/>
						<line hits="0" number="424"/>
						<line hits="0" number="428"/>
						<line hits="0" number="432"/>
						<line hits="0" number="433"/>
						<line hits="0" number="434"/>
						<line hits="0" number="435"/>
						<line hits="0" number="436"/>
						<line hits="0" number="438"/>
						<line hits="0" number="444"/>
						<line hits="1" number="447"/>
						<line hits="1" number="453"/>
						<line hits="0" number="455"/>
						<line hits="1" number="457"/>
						<line hits="0" number="459"/>
						<line hits="1" number="460"/>
						<line hits="1" number="468"/>
						<line hits="1" number="471"/>
						<line hits="1" number="476"/>
						<line hits="0" number="485"/>
						<line hits="0" number="487"/>
						<line hits="0" number="488"/>
						<line hits="0" number="489"/>
						<line hits="0" number="490"/>
						<line hits="0" number="492"/>
						<line hits="0" number="493"/>
						<line hits="0" number="497"/>
						<line hits="0" number="498"/>
						<line hits="0" number="499"/>
						<line hits="0" number="500"/>
						<line hits="0" number="505"/>
						<line hits="0" number="510"/>
						<line hits="0" number="511"/>
						<line hits="0" number="512"/>
						<line hits="0" number="514"/>
						<line hits="0" number="515"/>
						<line hits="0" number="516"/>
						<line hits="0" number="525"/>
						<line hits="0" number="526"/>
						<line hits="1" number="539"/>
						<line hits="1" number="543"/>
						<line hits="1" number="544"/>
						<line hits="0" number="545"/>
						<line hits="1" number="547"/>
						<line hits="1" number="548"/>
						<line hits="1" number="551"/>
						<line hits="1" number="555"/>
						<line hits="1" number="556"/>
						<line hits="0" number="557"/>
						<line hits="1" number="559"/>
						<line hits="1" number="560"/>
						<line hits="1" number="568"/>
						<line hits="0" number="614"/>
						<line hits="0" number="615"/>
						<line hits="0" number="616"/>
						<line hits="0" number="618"/>
						<line hits="0" number="619"/>
						<line hits="0" number="620"/>
						<line hits="0" number="622"/>
						<line hits="1" number="625"/>
						<line hits="0" number="639"/>
						<line hits="0" number="640"/>
						<line hits="0" number="642"/>
						<line hits="0" number="644"/>
						<line hits="0" number="646"/>
						<line hits="0" number="647"/>
						<line hits="0" number="648"/>
						<line hits="0" number="649"/>
						<line hits="0" number="650"/>
						<line hits="0" number="651"/>
						<line hits="0" number="652"/>
						<line hits="0" number="653"/>
					</lines>
				</class>
				<class branch-rate="0" complexity="0" filename="bglibpy/versions.py" line-rate="1" name="versions.py">
					<methods/>
					<lines>
						<line hits="1" number="3"/>
						<line hits="1" number="5"/>
						<line hits="1" number="6"/>
						<line hits="1" number="7"/>
						<line hits="1" number="9"/>
						<line hits="1" number="10"/>
					</lines>
				</class>
			</classes>
		</package>
	</packages>
</coverage>
